{"/home/travis/build/npmtest/node-npmtest-fbgraph/test.js":{"path":"/home/travis/build/npmtest/node-npmtest-fbgraph/test.js","s":{"1":2,"2":2,"3":2,"4":2,"5":2,"6":2,"7":2,"8":1,"9":2,"10":2,"11":1,"12":1,"13":1,"14":1,"15":2,"16":2,"17":2,"18":2,"19":1,"20":1,"21":2,"22":2,"23":2,"24":1,"25":1,"26":1,"27":1,"28":1,"29":1,"30":1,"31":1,"32":1,"33":1,"34":1,"35":1,"36":1,"37":1,"38":1,"39":2,"40":2,"41":1,"42":2,"43":2,"44":1,"45":2,"46":2,"47":1,"48":2,"49":2,"50":1,"51":1,"52":1,"53":1,"54":1},"b":{"1":[2,1,1,1],"2":[1,1,1,1],"3":[1,1],"4":[1,1],"5":[1,1],"6":[1,1],"7":[1,1],"8":[1,1],"9":[1,1],"10":[1,1,1],"11":[1,1],"12":[1,1],"13":[1,1],"14":[1,1],"15":[1,1],"16":[1,1],"17":[1,1]},"f":{"1":2,"2":2,"3":2,"4":2,"5":2,"6":1,"7":1,"8":1,"9":2,"10":2,"11":2,"12":2,"13":1},"fnMap":{"1":{"name":"(anonymous_1)","line":12,"loc":{"start":{"line":12,"column":1},"end":{"line":12,"column":13}}},"2":{"name":"(anonymous_2)","line":19,"loc":{"start":{"line":19,"column":5},"end":{"line":19,"column":17}}},"3":{"name":"(anonymous_3)","line":23,"loc":{"start":{"line":23,"column":24},"end":{"line":23,"column":36}}},"4":{"name":"(anonymous_4)","line":61,"loc":{"start":{"line":61,"column":5},"end":{"line":61,"column":17}}},"5":{"name":"(anonymous_5)","line":82,"loc":{"start":{"line":82,"column":5},"end":{"line":82,"column":17}}},"6":{"name":"(anonymous_6)","line":91,"loc":{"start":{"line":91,"column":77},"end":{"line":94,"column":10}}},"7":{"name":"(anonymous_7)","line":112,"loc":{"start":{"line":112,"column":83},"end":{"line":115,"column":10}},"skip":true},"8":{"name":"(anonymous_8)","line":123,"loc":{"start":{"line":123,"column":77},"end":{"line":126,"column":10}},"skip":true},"9":{"name":"(anonymous_9)","line":139,"loc":{"start":{"line":139,"column":12},"end":{"line":139,"column":40}},"skip":true},"10":{"name":"(anonymous_10)","line":147,"loc":{"start":{"line":147,"column":77},"end":{"line":150,"column":10}},"skip":true},"11":{"name":"(anonymous_11)","line":158,"loc":{"start":{"line":158,"column":83},"end":{"line":161,"column":10}},"skip":true},"12":{"name":"(anonymous_12)","line":169,"loc":{"start":{"line":169,"column":79},"end":{"line":172,"column":10}},"skip":true},"13":{"name":"(anonymous_13)","line":180,"loc":{"start":{"line":180,"column":75},"end":{"line":183,"column":10}},"skip":true}},"statementMap":{"1":{"start":{"line":12,"column":0},"end":{"line":195,"column":5}},"2":{"start":{"line":14,"column":4},"end":{"line":14,"column":14}},"3":{"start":{"line":19,"column":4},"end":{"line":56,"column":9}},"4":{"start":{"line":21,"column":8},"end":{"line":21,"column":19}},"5":{"start":{"line":23,"column":8},"end":{"line":35,"column":13}},"6":{"start":{"line":24,"column":12},"end":{"line":34,"column":13}},"7":{"start":{"line":25,"column":16},"end":{"line":28,"column":30}},"8":{"start":{"line":30,"column":16},"end":{"line":33,"column":27}},"9":{"start":{"line":37,"column":8},"end":{"line":39,"column":21}},"10":{"start":{"line":40,"column":8},"end":{"line":53,"column":9}},"11":{"start":{"line":43,"column":12},"end":{"line":46,"column":14}},"12":{"start":{"line":47,"column":12},"end":{"line":47,"column":18}},"13":{"start":{"line":50,"column":12},"end":{"line":51,"column":46}},"14":{"start":{"line":52,"column":12},"end":{"line":52,"column":18}},"15":{"start":{"line":55,"column":8},"end":{"line":55,"column":35}},"16":{"start":{"line":61,"column":4},"end":{"line":63,"column":9}},"17":{"start":{"line":62,"column":8},"end":{"line":62,"column":15}},"18":{"start":{"line":64,"column":4},"end":{"line":77,"column":5}},"19":{"start":{"line":70,"column":8},"end":{"line":70,"column":14}},"20":{"start":{"line":76,"column":8},"end":{"line":76,"column":14}},"21":{"start":{"line":82,"column":4},"end":{"line":84,"column":9}},"22":{"start":{"line":83,"column":8},"end":{"line":83,"column":15}},"23":{"start":{"line":85,"column":4},"end":{"line":194,"column":5}},"24":{"start":{"line":91,"column":8},"end":{"line":99,"column":10}},"25":{"start":{"line":98,"column":12},"end":{"line":98,"column":35}},"26":{"start":{"line":102,"column":8},"end":{"line":104,"column":63}},"27":{"start":{"line":105,"column":8},"end":{"line":105,"column":14}},"28":{"start":{"line":112,"column":8},"end":{"line":121,"column":10},"skip":true},"29":{"start":{"line":119,"column":12},"end":{"line":119,"column":55},"skip":true},"30":{"start":{"line":120,"column":12},"end":{"line":120,"column":48},"skip":true},"31":{"start":{"line":123,"column":8},"end":{"line":136,"column":10},"skip":true},"32":{"start":{"line":130,"column":12},"end":{"line":130,"column":76},"skip":true},"33":{"start":{"line":131,"column":12},"end":{"line":131,"column":73},"skip":true},"34":{"start":{"line":132,"column":12},"end":{"line":132,"column":74},"skip":true},"35":{"start":{"line":133,"column":12},"end":{"line":133,"column":79},"skip":true},"36":{"start":{"line":134,"column":12},"end":{"line":134,"column":25},"skip":true},"37":{"start":{"line":135,"column":12},"end":{"line":135,"column":45},"skip":true},"38":{"start":{"line":138,"column":8},"end":{"line":145,"column":14},"skip":true},"39":{"start":{"line":143,"column":16},"end":{"line":143,"column":29},"skip":true},"40":{"start":{"line":144,"column":16},"end":{"line":144,"column":55},"skip":true},"41":{"start":{"line":147,"column":8},"end":{"line":156,"column":10},"skip":true},"42":{"start":{"line":154,"column":12},"end":{"line":154,"column":25},"skip":true},"43":{"start":{"line":155,"column":12},"end":{"line":155,"column":45},"skip":true},"44":{"start":{"line":158,"column":8},"end":{"line":167,"column":10},"skip":true},"45":{"start":{"line":165,"column":12},"end":{"line":165,"column":25},"skip":true},"46":{"start":{"line":166,"column":12},"end":{"line":166,"column":48},"skip":true},"47":{"start":{"line":169,"column":8},"end":{"line":178,"column":10},"skip":true},"48":{"start":{"line":176,"column":12},"end":{"line":176,"column":25},"skip":true},"49":{"start":{"line":177,"column":12},"end":{"line":177,"column":46},"skip":true},"50":{"start":{"line":180,"column":8},"end":{"line":189,"column":10},"skip":true},"51":{"start":{"line":187,"column":12},"end":{"line":187,"column":94},"skip":true},"52":{"start":{"line":188,"column":12},"end":{"line":188,"column":48},"skip":true},"53":{"start":{"line":192,"column":8},"end":{"line":192,"column":35},"skip":true},"54":{"start":{"line":193,"column":8},"end":{"line":193,"column":14},"skip":true}},"branchMap":{"1":{"line":25,"type":"binary-expr","locations":[{"start":{"line":25,"column":23},"end":{"line":25,"column":62}},{"start":{"line":26,"column":20},"end":{"line":26,"column":70}},{"start":{"line":27,"column":20},"end":{"line":27,"column":71}},{"start":{"line":28,"column":20},"end":{"line":28,"column":29}}]},"2":{"line":30,"type":"binary-expr","locations":[{"start":{"line":30,"column":23},"end":{"line":30,"column":37}},{"start":{"line":31,"column":20},"end":{"line":31,"column":61}},{"start":{"line":32,"column":20},"end":{"line":32,"column":70}},{"start":{"line":33,"column":20},"end":{"line":33,"column":26}}]},"3":{"line":37,"type":"cond-expr","locations":[{"start":{"line":38,"column":14},"end":{"line":38,"column":20}},{"start":{"line":39,"column":14},"end":{"line":39,"column":20}}]},"4":{"line":40,"type":"switch","locations":[{"start":{"line":42,"column":8},"end":{"line":47,"column":18}},{"start":{"line":49,"column":8},"end":{"line":52,"column":18}}]},"5":{"line":44,"type":"binary-expr","locations":[{"start":{"line":44,"column":16},"end":{"line":44,"column":44}},{"start":{"line":44,"column":48},"end":{"line":44,"column":66}}]},"6":{"line":50,"type":"binary-expr","locations":[{"start":{"line":50,"column":21},"end":{"line":50,"column":49}},{"start":{"line":50,"column":53},"end":{"line":50,"column":72}}]},"7":{"line":64,"type":"switch","locations":[{"start":{"line":69,"column":4},"end":{"line":70,"column":14}},{"start":{"line":75,"column":4},"end":{"line":76,"column":14}}]},"8":{"line":85,"type":"switch","locations":[{"start":{"line":90,"column":4},"end":{"line":105,"column":14}},{"start":{"line":111,"column":4},"end":{"line":193,"column":14},"skip":true}]},"9":{"line":91,"type":"binary-expr","locations":[{"start":{"line":91,"column":42},"end":{"line":91,"column":73}},{"start":{"line":91,"column":77},"end":{"line":99,"column":9}}]},"10":{"line":102,"type":"binary-expr","locations":[{"start":{"line":102,"column":18},"end":{"line":102,"column":32}},{"start":{"line":103,"column":12},"end":{"line":103,"column":53}},{"start":{"line":104,"column":12},"end":{"line":104,"column":61}}]},"11":{"line":112,"type":"binary-expr","locations":[{"start":{"line":112,"column":45},"end":{"line":112,"column":79},"skip":true},{"start":{"line":112,"column":83},"end":{"line":121,"column":9},"skip":true}]},"12":{"line":123,"type":"binary-expr","locations":[{"start":{"line":123,"column":42},"end":{"line":123,"column":73},"skip":true},{"start":{"line":123,"column":77},"end":{"line":136,"column":9},"skip":true}]},"13":{"line":138,"type":"binary-expr","locations":[{"start":{"line":138,"column":48},"end":{"line":138,"column":85},"skip":true},{"start":{"line":139,"column":12},"end":{"line":145,"column":13},"skip":true}]},"14":{"line":147,"type":"binary-expr","locations":[{"start":{"line":147,"column":42},"end":{"line":147,"column":73},"skip":true},{"start":{"line":147,"column":77},"end":{"line":156,"column":9},"skip":true}]},"15":{"line":158,"type":"binary-expr","locations":[{"start":{"line":158,"column":45},"end":{"line":158,"column":79},"skip":true},{"start":{"line":158,"column":83},"end":{"line":167,"column":9},"skip":true}]},"16":{"line":169,"type":"binary-expr","locations":[{"start":{"line":169,"column":43},"end":{"line":169,"column":75},"skip":true},{"start":{"line":169,"column":79},"end":{"line":178,"column":9},"skip":true}]},"17":{"line":180,"type":"binary-expr","locations":[{"start":{"line":180,"column":41},"end":{"line":180,"column":71},"skip":true},{"start":{"line":180,"column":75},"end":{"line":189,"column":9},"skip":true}]}},"code":["/* istanbul instrument in package npmtest_fbgraph */","/*jslint","    bitwise: true,","    browser: true,","    maxerr: 8,","    maxlen: 96,","    node: true,","    nomen: true,","    regexp: true,","    stupid: true","*/","(function () {","    'use strict';","    var local;","","","","    // run shared js-env code - pre-init","    (function () {","        // init local","        local = {};","        // init modeJs","        local.modeJs = (function () {","            try {","                return typeof navigator.userAgent === 'string' &&","                    typeof document.querySelector('body') === 'object' &&","                    typeof XMLHttpRequest.prototype.open === 'function' &&","                    'browser';","            } catch (errorCaughtBrowser) {","                return module.exports &&","                    typeof process.versions.node === 'string' &&","                    typeof require('http').createServer === 'function' &&","                    'node';","            }","        }());","        // init global","        local.global = local.modeJs === 'browser'","            ? window","            : global;","        switch (local.modeJs) {","        // re-init local from window.local","        case 'browser':","            local = local.global.utility2.objectSetDefault(","                local.global.utility2_rollup || local.global.local,","                local.global.utility2","            );","            break;","        // re-init local from example.js","        case 'node':","            local = (local.global.utility2_rollup || require('utility2'))","                .requireExampleJsFromReadme();","            break;","        }","        // export local","        local.global.local = local;","    }());","","","","    // run shared js-env code - function","    (function () {","        return;","    }());","    switch (local.modeJs) {","","","","    // run browser js-env code - function","    case 'browser':","        break;","","","","    // run node js-env code - function","    case 'node':","        break;","    }","","","","    // run shared js-env code - post-init","    (function () {","        return;","    }());","    switch (local.modeJs) {","","","","    // run browser js-env code - post-init","    case 'browser':","        local.testCase_browser_nullCase = local.testCase_browser_nullCase || function (","            options,","            onError","        ) {","        /*","         * this function will test browsers's null-case handling-behavior-behavior","         */","            onError(null, options);","        };","","        // run tests","        local.nop(local.modeTest &&","            document.querySelector('#testRunButton1') &&","            document.querySelector('#testRunButton1').click());","        break;","","","","    // run node js-env code - post-init","    /* istanbul ignore next */","    case 'node':","        local.testCase_buildApidoc_default = local.testCase_buildApidoc_default || function (","            options,","            onError","        ) {","        /*","         * this function will test buildApidoc's default handling-behavior-behavior","         */","            options = { modulePathList: module.paths };","            local.buildApidoc(options, onError);","        };","","        local.testCase_buildApp_default = local.testCase_buildApp_default || function (","            options,","            onError","        ) {","        /*","         * this function will test buildApp's default handling-behavior-behavior","         */","            local.testCase_buildReadme_default(options, local.onErrorThrow);","            local.testCase_buildLib_default(options, local.onErrorThrow);","            local.testCase_buildTest_default(options, local.onErrorThrow);","            local.testCase_buildCustomOrg_default(options, local.onErrorThrow);","            options = [];","            local.buildApp(options, onError);","        };","","        local.testCase_buildCustomOrg_default = local.testCase_buildCustomOrg_default ||","            function (options, onError) {","            /*","             * this function will test buildCustomOrg's default handling-behavior","             */","                options = {};","                local.buildCustomOrg(options, onError);","            };","","        local.testCase_buildLib_default = local.testCase_buildLib_default || function (","            options,","            onError","        ) {","        /*","         * this function will test buildLib's default handling-behavior","         */","            options = {};","            local.buildLib(options, onError);","        };","","        local.testCase_buildReadme_default = local.testCase_buildReadme_default || function (","            options,","            onError","        ) {","        /*","         * this function will test buildReadme's default handling-behavior-behavior","         */","            options = {};","            local.buildReadme(options, onError);","        };","","        local.testCase_buildTest_default = local.testCase_buildTest_default || function (","            options,","            onError","        ) {","        /*","         * this function will test buildTest's default handling-behavior","         */","            options = {};","            local.buildTest(options, onError);","        };","","        local.testCase_webpage_default = local.testCase_webpage_default || function (","            options,","            onError","        ) {","        /*","         * this function will test webpage's default handling-behavior","         */","            options = { modeCoverageMerge: true, url: local.serverLocalHost + '?modeTest=1' };","            local.browserTest(options, onError);","        };","","        // run test-server","        local.testRunServer(local);","        break;","    }","}());",""],"l":{"12":2,"14":2,"19":2,"21":2,"23":2,"24":2,"25":2,"30":1,"37":2,"40":2,"43":1,"47":1,"50":1,"52":1,"55":2,"61":2,"62":2,"64":2,"70":1,"76":1,"82":2,"83":2,"85":2,"91":1,"98":1,"102":1,"105":1,"112":1,"119":1,"120":1,"123":1,"130":1,"131":1,"132":1,"133":1,"134":1,"135":1,"138":1,"143":2,"144":2,"147":1,"154":2,"155":2,"158":1,"165":2,"166":2,"169":1,"176":2,"177":2,"180":1,"187":1,"188":1,"192":1,"193":1}},"/home/travis/build/npmtest/node-npmtest-fbgraph/lib.npmtest_fbgraph.js":{"path":"/home/travis/build/npmtest/node-npmtest-fbgraph/lib.npmtest_fbgraph.js","s":{"1":2,"2":2,"3":2,"4":2,"5":2,"6":2,"7":2,"8":1,"9":2,"10":2,"11":2,"12":2,"13":1,"14":1,"15":1,"16":1},"b":{"1":[2,1,1,1],"2":[1,1,1,1],"3":[1,1],"4":[2,2],"5":[1,1]},"f":{"1":2,"2":2,"3":2},"fnMap":{"1":{"name":"(anonymous_1)","line":12,"loc":{"start":{"line":12,"column":1},"end":{"line":12,"column":13}}},"2":{"name":"(anonymous_2)","line":19,"loc":{"start":{"line":19,"column":5},"end":{"line":19,"column":17}}},"3":{"name":"(anonymous_3)","line":23,"loc":{"start":{"line":23,"column":24},"end":{"line":23,"column":36}}}},"statementMap":{"1":{"start":{"line":12,"column":0},"end":{"line":53,"column":5}},"2":{"start":{"line":14,"column":4},"end":{"line":14,"column":14}},"3":{"start":{"line":19,"column":4},"end":{"line":52,"column":9}},"4":{"start":{"line":21,"column":8},"end":{"line":21,"column":19}},"5":{"start":{"line":23,"column":8},"end":{"line":35,"column":13}},"6":{"start":{"line":24,"column":12},"end":{"line":34,"column":13}},"7":{"start":{"line":25,"column":16},"end":{"line":28,"column":30}},"8":{"start":{"line":30,"column":16},"end":{"line":33,"column":27}},"9":{"start":{"line":37,"column":8},"end":{"line":39,"column":21}},"10":{"start":{"line":41,"column":8},"end":{"line":41,"column":54}},"11":{"start":{"line":43,"column":8},"end":{"line":43,"column":52}},"12":{"start":{"line":45,"column":8},"end":{"line":51,"column":9}},"13":{"start":{"line":46,"column":12},"end":{"line":46,"column":58}},"14":{"start":{"line":48,"column":12},"end":{"line":48,"column":35}},"15":{"start":{"line":49,"column":12},"end":{"line":49,"column":49}},"16":{"start":{"line":50,"column":12},"end":{"line":50,"column":43}}},"branchMap":{"1":{"line":25,"type":"binary-expr","locations":[{"start":{"line":25,"column":23},"end":{"line":25,"column":62}},{"start":{"line":26,"column":20},"end":{"line":26,"column":70}},{"start":{"line":27,"column":20},"end":{"line":27,"column":71}},{"start":{"line":28,"column":20},"end":{"line":28,"column":29}}]},"2":{"line":30,"type":"binary-expr","locations":[{"start":{"line":30,"column":23},"end":{"line":30,"column":37}},{"start":{"line":31,"column":20},"end":{"line":31,"column":61}},{"start":{"line":32,"column":20},"end":{"line":32,"column":70}},{"start":{"line":33,"column":20},"end":{"line":33,"column":26}}]},"3":{"line":37,"type":"cond-expr","locations":[{"start":{"line":38,"column":14},"end":{"line":38,"column":20}},{"start":{"line":39,"column":14},"end":{"line":39,"column":20}}]},"4":{"line":41,"type":"binary-expr","locations":[{"start":{"line":41,"column":16},"end":{"line":41,"column":44}},{"start":{"line":41,"column":48},"end":{"line":41,"column":53}}]},"5":{"line":45,"type":"if","locations":[{"start":{"line":45,"column":8},"end":{"line":45,"column":8}},{"start":{"line":45,"column":8},"end":{"line":45,"column":8}}]}},"code":["/* istanbul instrument in package npmtest_fbgraph */","/*jslint","    bitwise: true,","    browser: true,","    maxerr: 8,","    maxlen: 96,","    node: true,","    nomen: true,","    regexp: true,","    stupid: true","*/","(function () {","    'use strict';","    var local;","","","","    // run shared js-env code - pre-init","    (function () {","        // init local","        local = {};","        // init modeJs","        local.modeJs = (function () {","            try {","                return typeof navigator.userAgent === 'string' &&","                    typeof document.querySelector('body') === 'object' &&","                    typeof XMLHttpRequest.prototype.open === 'function' &&","                    'browser';","            } catch (errorCaughtBrowser) {","                return module.exports &&","                    typeof process.versions.node === 'string' &&","                    typeof require('http').createServer === 'function' &&","                    'node';","            }","        }());","        // init global","        local.global = local.modeJs === 'browser'","            ? window","            : global;","        // init utility2_rollup","        local = local.global.utility2_rollup || local;","        // init lib","        local.local = local.npmtest_fbgraph = local;","        // init exports","        if (local.modeJs === 'browser') {","            local.global.utility2_npmtest_fbgraph = local;","        } else {","            module.exports = local;","            module.exports.__dirname = __dirname;","            module.exports.module = module;","        }","    }());","}());",""],"l":{"12":2,"14":2,"19":2,"21":2,"23":2,"24":2,"25":2,"30":1,"37":2,"41":2,"43":2,"45":2,"46":1,"48":1,"49":1,"50":1}},"/home/travis/build/npmtest/node-npmtest-fbgraph/example.js":{"path":"/home/travis/build/npmtest/node-npmtest-fbgraph/example.js","s":{"1":2,"2":2,"3":2,"4":2,"5":2,"6":2,"7":2,"8":1,"9":2,"10":2,"11":2,"12":2,"13":1,"14":2,"15":2,"16":2,"17":2,"18":2,"19":0,"20":2,"21":1,"22":1,"23":1,"24":1,"25":1,"26":0,"27":0,"28":1,"29":1,"30":2,"31":0,"32":0,"33":0,"34":1,"35":2,"36":2,"37":3,"38":3,"39":3,"40":3,"41":0,"42":3,"43":3,"44":3,"45":1,"46":3,"47":1,"48":1,"49":1,"50":1,"51":1,"52":1,"53":1,"54":1,"55":1,"56":1,"57":0,"58":1,"59":6,"60":6,"61":1,"62":2,"63":0,"64":2,"65":1,"66":1,"67":0,"68":0,"69":0,"70":0,"71":0,"72":0,"73":0,"74":0,"75":0,"76":0,"77":0,"78":0,"79":0,"80":0,"81":0,"82":0,"83":0},"b":{"1":[2,1,1,1],"2":[1,1,1,1],"3":[1,1],"4":[2,2],"5":[1,1],"6":[1,1],"7":[2,0],"8":[2,1,1,1,1,1],"9":[0,2,0],"10":[1,1],"11":[2,1,1],"12":[1,0],"13":[0,2],"14":[2,0,0,0,0,0,0],"15":[0,3],"16":[3,0],"17":[1,1],"18":[0,1],"19":[1,2,0,2],"20":[1,0],"21":[1,1],"22":[0,0],"23":[0,0],"24":[0,0],"25":[0,0],"26":[0,0],"27":[0,0],"28":[0,0]},"f":{"1":2,"2":2,"3":2,"4":2,"5":2,"6":2,"7":3,"8":3,"9":3,"10":1,"11":6,"12":0},"fnMap":{"1":{"name":"(anonymous_1)","line":26,"loc":{"start":{"line":26,"column":1},"end":{"line":26,"column":13}}},"2":{"name":"(anonymous_2)","line":33,"loc":{"start":{"line":33,"column":5},"end":{"line":33,"column":17}}},"3":{"name":"(anonymous_3)","line":37,"loc":{"start":{"line":37,"column":24},"end":{"line":37,"column":36}}},"4":{"name":"(anonymous_4)","line":69,"loc":{"start":{"line":69,"column":31},"end":{"line":69,"column":48}},"skip":true},"5":{"name":"(anonymous_5)","line":78,"loc":{"start":{"line":78,"column":26},"end":{"line":78,"column":45}},"skip":true},"6":{"name":"(anonymous_6)","line":123,"loc":{"start":{"line":123,"column":33},"end":{"line":123,"column":48}},"skip":true},"7":{"name":"(anonymous_7)","line":125,"loc":{"start":{"line":125,"column":27},"end":{"line":125,"column":39}},"skip":true},"8":{"name":"(anonymous_8)","line":133,"loc":{"start":{"line":133,"column":59},"end":{"line":133,"column":74}},"skip":true},"9":{"name":"(anonymous_9)","line":143,"loc":{"start":{"line":143,"column":45},"end":{"line":143,"column":62}},"skip":true},"10":{"name":"(anonymous_10)","line":144,"loc":{"start":{"line":144,"column":73},"end":{"line":144,"column":92}},"skip":true},"11":{"name":"(anonymous_11)","line":272,"loc":{"start":{"line":272,"column":51},"end":{"line":272,"column":77}},"skip":true},"12":{"name":"(anonymous_12)","line":315,"loc":{"start":{"line":315,"column":32},"end":{"line":315,"column":61}},"skip":true}},"statementMap":{"1":{"start":{"line":26,"column":0},"end":{"line":326,"column":5}},"2":{"start":{"line":28,"column":4},"end":{"line":28,"column":14}},"3":{"start":{"line":33,"column":4},"end":{"line":60,"column":9}},"4":{"start":{"line":35,"column":8},"end":{"line":35,"column":19}},"5":{"start":{"line":37,"column":8},"end":{"line":49,"column":13}},"6":{"start":{"line":38,"column":12},"end":{"line":48,"column":13}},"7":{"start":{"line":39,"column":16},"end":{"line":42,"column":30}},"8":{"start":{"line":44,"column":16},"end":{"line":47,"column":27}},"9":{"start":{"line":51,"column":8},"end":{"line":53,"column":21}},"10":{"start":{"line":55,"column":8},"end":{"line":57,"column":45}},"11":{"start":{"line":59,"column":8},"end":{"line":59,"column":35}},"12":{"start":{"line":61,"column":4},"end":{"line":325,"column":5}},"13":{"start":{"line":69,"column":8},"end":{"line":121,"column":10},"skip":true},"14":{"start":{"line":70,"column":12},"end":{"line":88,"column":13},"skip":true},"15":{"start":{"line":76,"column":16},"end":{"line":87,"column":19},"skip":true},"16":{"start":{"line":79,"column":20},"end":{"line":86,"column":21},"skip":true},"17":{"start":{"line":82,"column":24},"end":{"line":82,"column":43},"skip":true},"18":{"start":{"line":83,"column":24},"end":{"line":83,"column":30},"skip":true},"19":{"start":{"line":85,"column":24},"end":{"line":85,"column":49},"skip":true},"20":{"start":{"line":89,"column":12},"end":{"line":107,"column":13},"skip":true},"21":{"start":{"line":92,"column":16},"end":{"line":102,"column":17},"skip":true},"22":{"start":{"line":93,"column":20},"end":{"line":93,"column":86},"skip":true},"23":{"start":{"line":94,"column":20},"end":{"line":95,"column":45},"skip":true},"24":{"start":{"line":96,"column":20},"end":{"line":96,"column":42},"skip":true},"25":{"start":{"line":97,"column":20},"end":{"line":97,"column":48},"skip":true},"26":{"start":{"line":100,"column":20},"end":{"line":100,"column":85},"skip":true},"27":{"start":{"line":101,"column":20},"end":{"line":101,"column":96},"skip":true},"28":{"start":{"line":103,"column":16},"end":{"line":103,"column":22},"skip":true},"29":{"start":{"line":106,"column":16},"end":{"line":106,"column":22},"skip":true},"30":{"start":{"line":108,"column":12},"end":{"line":120,"column":13},"skip":true},"31":{"start":{"line":114,"column":16},"end":{"line":119,"column":17},"skip":true},"32":{"start":{"line":116,"column":20},"end":{"line":116,"column":78},"skip":true},"33":{"start":{"line":118,"column":20},"end":{"line":118,"column":47},"skip":true},"34":{"start":{"line":123,"column":8},"end":{"line":141,"column":11},"skip":true},"35":{"start":{"line":124,"column":12},"end":{"line":124,"column":54},"skip":true},"36":{"start":{"line":125,"column":12},"end":{"line":140,"column":14},"skip":true},"37":{"start":{"line":126,"column":16},"end":{"line":126,"column":28},"skip":true},"38":{"start":{"line":127,"column":16},"end":{"line":127,"column":69},"skip":true},"39":{"start":{"line":128,"column":16},"end":{"line":128,"column":75},"skip":true},"40":{"start":{"line":129,"column":16},"end":{"line":131,"column":17},"skip":true},"41":{"start":{"line":130,"column":20},"end":{"line":130,"column":27},"skip":true},"42":{"start":{"line":133,"column":16},"end":{"line":137,"column":36},"skip":true},"43":{"start":{"line":134,"column":20},"end":{"line":136,"column":55},"skip":true},"44":{"start":{"line":139,"column":16},"end":{"line":139,"column":57},"skip":true},"45":{"start":{"line":143,"column":8},"end":{"line":147,"column":11},"skip":true},"46":{"start":{"line":144,"column":12},"end":{"line":146,"column":15},"skip":true},"47":{"start":{"line":145,"column":16},"end":{"line":145,"column":70},"skip":true},"48":{"start":{"line":149,"column":8},"end":{"line":149,"column":31},"skip":true},"49":{"start":{"line":150,"column":8},"end":{"line":150,"column":14},"skip":true},"50":{"start":{"line":158,"column":8},"end":{"line":158,"column":31},"skip":true},"51":{"start":{"line":160,"column":8},"end":{"line":160,"column":33},"skip":true},"52":{"start":{"line":161,"column":8},"end":{"line":161,"column":37},"skip":true},"53":{"start":{"line":162,"column":8},"end":{"line":162,"column":35},"skip":true},"54":{"start":{"line":164,"column":8},"end":{"line":164,"column":50},"skip":true},"55":{"start":{"line":166,"column":8},"end":{"line":256,"column":2},"skip":true},"56":{"start":{"line":258,"column":8},"end":{"line":286,"column":9},"skip":true},"57":{"start":{"line":259,"column":12},"end":{"line":269,"column":14},"skip":true},"58":{"start":{"line":271,"column":12},"end":{"line":285,"column":19},"skip":true},"59":{"start":{"line":274,"column":20},"end":{"line":274,"column":35},"skip":true},"60":{"start":{"line":275,"column":20},"end":{"line":284,"column":21},"skip":true},"61":{"start":{"line":277,"column":24},"end":{"line":277,"column":64},"skip":true},"62":{"start":{"line":279,"column":24},"end":{"line":279,"column":40},"skip":true},"63":{"start":{"line":281,"column":24},"end":{"line":281,"column":40},"skip":true},"64":{"start":{"line":283,"column":24},"end":{"line":283,"column":39},"skip":true},"65":{"start":{"line":288,"column":8},"end":{"line":290,"column":9},"skip":true},"66":{"start":{"line":289,"column":12},"end":{"line":289,"column":18},"skip":true},"67":{"start":{"line":291,"column":8},"end":{"line":293,"column":54},"skip":true},"68":{"start":{"line":296,"column":8},"end":{"line":301,"column":37},"skip":true},"69":{"start":{"line":303,"column":8},"end":{"line":303,"column":82},"skip":true},"70":{"start":{"line":306,"column":8},"end":{"line":308,"column":9},"skip":true},"71":{"start":{"line":307,"column":12},"end":{"line":307,"column":82},"skip":true},"72":{"start":{"line":310,"column":8},"end":{"line":312,"column":9},"skip":true},"73":{"start":{"line":311,"column":12},"end":{"line":311,"column":18},"skip":true},"74":{"start":{"line":313,"column":8},"end":{"line":313,"column":54},"skip":true},"75":{"start":{"line":314,"column":8},"end":{"line":314,"column":69},"skip":true},"76":{"start":{"line":315,"column":8},"end":{"line":323,"column":36},"skip":true},"77":{"start":{"line":316,"column":12},"end":{"line":316,"column":61},"skip":true},"78":{"start":{"line":317,"column":12},"end":{"line":320,"column":13},"skip":true},"79":{"start":{"line":318,"column":16},"end":{"line":318,"column":75},"skip":true},"80":{"start":{"line":319,"column":16},"end":{"line":319,"column":23},"skip":true},"81":{"start":{"line":321,"column":12},"end":{"line":321,"column":38},"skip":true},"82":{"start":{"line":322,"column":12},"end":{"line":322,"column":27},"skip":true},"83":{"start":{"line":324,"column":8},"end":{"line":324,"column":14},"skip":true}},"branchMap":{"1":{"line":39,"type":"binary-expr","locations":[{"start":{"line":39,"column":23},"end":{"line":39,"column":62}},{"start":{"line":40,"column":20},"end":{"line":40,"column":70}},{"start":{"line":41,"column":20},"end":{"line":41,"column":71}},{"start":{"line":42,"column":20},"end":{"line":42,"column":29}}]},"2":{"line":44,"type":"binary-expr","locations":[{"start":{"line":44,"column":23},"end":{"line":44,"column":37}},{"start":{"line":45,"column":20},"end":{"line":45,"column":61}},{"start":{"line":46,"column":20},"end":{"line":46,"column":70}},{"start":{"line":47,"column":20},"end":{"line":47,"column":26}}]},"3":{"line":51,"type":"cond-expr","locations":[{"start":{"line":52,"column":14},"end":{"line":52,"column":20}},{"start":{"line":53,"column":14},"end":{"line":53,"column":20}}]},"4":{"line":55,"type":"binary-expr","locations":[{"start":{"line":55,"column":16},"end":{"line":55,"column":44}},{"start":{"line":55,"column":49},"end":{"line":57,"column":43}}]},"5":{"line":55,"type":"cond-expr","locations":[{"start":{"line":56,"column":14},"end":{"line":56,"column":51}},{"start":{"line":57,"column":14},"end":{"line":57,"column":43}}]},"6":{"line":61,"type":"switch","locations":[{"start":{"line":68,"column":4},"end":{"line":150,"column":14},"skip":true},{"start":{"line":156,"column":4},"end":{"line":324,"column":14},"skip":true}]},"7":{"line":70,"type":"if","locations":[{"start":{"line":70,"column":12},"end":{"line":70,"column":12},"skip":true},{"start":{"line":70,"column":12},"end":{"line":70,"column":12},"skip":true}]},"8":{"line":70,"type":"binary-expr","locations":[{"start":{"line":70,"column":16},"end":{"line":70,"column":22},"skip":true},{"start":{"line":70,"column":27},"end":{"line":70,"column":32},"skip":true},{"start":{"line":71,"column":20},"end":{"line":71,"column":39},"skip":true},{"start":{"line":72,"column":20},"end":{"line":72,"column":49},"skip":true},{"start":{"line":73,"column":20},"end":{"line":73,"column":58},"skip":true},{"start":{"line":74,"column":20},"end":{"line":74,"column":69},"skip":true}]},"9":{"line":79,"type":"switch","locations":[{"start":{"line":80,"column":20},"end":{"line":80,"column":33},"skip":true},{"start":{"line":81,"column":20},"end":{"line":83,"column":30},"skip":true},{"start":{"line":84,"column":20},"end":{"line":85,"column":49},"skip":true}]},"10":{"line":89,"type":"switch","locations":[{"start":{"line":90,"column":12},"end":{"line":103,"column":22},"skip":true},{"start":{"line":105,"column":12},"end":{"line":106,"column":22},"skip":true}]},"11":{"line":89,"type":"binary-expr","locations":[{"start":{"line":89,"column":20},"end":{"line":89,"column":25},"skip":true},{"start":{"line":89,"column":29},"end":{"line":89,"column":48},"skip":true},{"start":{"line":89,"column":52},"end":{"line":89,"column":74},"skip":true}]},"12":{"line":92,"type":"if","locations":[{"start":{"line":92,"column":16},"end":{"line":92,"column":16},"skip":true},{"start":{"line":92,"column":16},"end":{"line":92,"column":16},"skip":true}]},"13":{"line":108,"type":"if","locations":[{"start":{"line":108,"column":12},"end":{"line":108,"column":12},"skip":true},{"start":{"line":108,"column":12},"end":{"line":108,"column":12},"skip":true}]},"14":{"line":108,"type":"binary-expr","locations":[{"start":{"line":108,"column":16},"end":{"line":108,"column":61},"skip":true},{"start":{"line":108,"column":66},"end":{"line":108,"column":72},"skip":true},{"start":{"line":108,"column":77},"end":{"line":108,"column":82},"skip":true},{"start":{"line":109,"column":20},"end":{"line":109,"column":39},"skip":true},{"start":{"line":110,"column":20},"end":{"line":110,"column":49},"skip":true},{"start":{"line":111,"column":20},"end":{"line":111,"column":58},"skip":true},{"start":{"line":112,"column":20},"end":{"line":112,"column":68},"skip":true}]},"15":{"line":129,"type":"if","locations":[{"start":{"line":129,"column":16},"end":{"line":129,"column":16},"skip":true},{"start":{"line":129,"column":16},"end":{"line":129,"column":16},"skip":true}]},"16":{"line":134,"type":"cond-expr","locations":[{"start":{"line":135,"column":26},"end":{"line":135,"column":29},"skip":true},{"start":{"line":136,"column":26},"end":{"line":136,"column":54},"skip":true}]},"17":{"line":164,"type":"binary-expr","locations":[{"start":{"line":164,"column":27},"end":{"line":164,"column":43},"skip":true},{"start":{"line":164,"column":47},"end":{"line":164,"column":49},"skip":true}]},"18":{"line":258,"type":"if","locations":[{"start":{"line":258,"column":8},"end":{"line":258,"column":8},"skip":true},{"start":{"line":258,"column":8},"end":{"line":258,"column":8},"skip":true}]},"19":{"line":275,"type":"switch","locations":[{"start":{"line":276,"column":20},"end":{"line":277,"column":64},"skip":true},{"start":{"line":278,"column":20},"end":{"line":279,"column":40},"skip":true},{"start":{"line":280,"column":20},"end":{"line":281,"column":40},"skip":true},{"start":{"line":282,"column":20},"end":{"line":283,"column":39},"skip":true}]},"20":{"line":288,"type":"if","locations":[{"start":{"line":288,"column":8},"end":{"line":288,"column":8},"skip":true},{"start":{"line":288,"column":8},"end":{"line":288,"column":8},"skip":true}]},"21":{"line":288,"type":"binary-expr","locations":[{"start":{"line":288,"column":12},"end":{"line":288,"column":40},"skip":true},{"start":{"line":288,"column":44},"end":{"line":288,"column":67},"skip":true}]},"22":{"line":292,"type":"binary-expr","locations":[{"start":{"line":292,"column":12},"end":{"line":292,"column":50},"skip":true},{"start":{"line":293,"column":12},"end":{"line":293,"column":53},"skip":true}]},"23":{"line":297,"type":"binary-expr","locations":[{"start":{"line":297,"column":12},"end":{"line":297,"column":65},"skip":true},{"start":{"line":298,"column":12},"end":{"line":301,"column":36},"skip":true}]},"24":{"line":303,"type":"binary-expr","locations":[{"start":{"line":303,"column":43},"end":{"line":303,"column":75},"skip":true},{"start":{"line":303,"column":79},"end":{"line":303,"column":81},"skip":true}]},"25":{"line":306,"type":"if","locations":[{"start":{"line":306,"column":8},"end":{"line":306,"column":8},"skip":true},{"start":{"line":306,"column":8},"end":{"line":306,"column":8},"skip":true}]},"26":{"line":310,"type":"if","locations":[{"start":{"line":310,"column":8},"end":{"line":310,"column":8},"skip":true},{"start":{"line":310,"column":8},"end":{"line":310,"column":8},"skip":true}]},"27":{"line":313,"type":"binary-expr","locations":[{"start":{"line":313,"column":27},"end":{"line":313,"column":43},"skip":true},{"start":{"line":313,"column":47},"end":{"line":313,"column":53},"skip":true}]},"28":{"line":317,"type":"if","locations":[{"start":{"line":317,"column":12},"end":{"line":317,"column":12},"skip":true},{"start":{"line":317,"column":12},"end":{"line":317,"column":12},"skip":true}]}},"code":["/*","example.js","","quickstart example","","instruction","    1. save this script as example.js","    2. run the shell command:","        $ npm install npmtest-fbgraph && PORT=8081 node example.js","    3. play with the browser-demo on http://127.0.0.1:8081","*/","","","","/* istanbul instrument in package npmtest_fbgraph */","/*jslint","    bitwise: true,","    browser: true,","    maxerr: 8,","    maxlen: 96,","    node: true,","    nomen: true,","    regexp: true,","    stupid: true","*/","(function () {","    'use strict';","    var local;","","","","    // run shared js-env code - pre-init","    (function () {","        // init local","        local = {};","        // init modeJs","        local.modeJs = (function () {","            try {","                return typeof navigator.userAgent === 'string' &&","                    typeof document.querySelector('body') === 'object' &&","                    typeof XMLHttpRequest.prototype.open === 'function' &&","                    'browser';","            } catch (errorCaughtBrowser) {","                return module.exports &&","                    typeof process.versions.node === 'string' &&","                    typeof require('http').createServer === 'function' &&","                    'node';","            }","        }());","        // init global","        local.global = local.modeJs === 'browser'","            ? window","            : global;","        // init utility2_rollup","        local = local.global.utility2_rollup || (local.modeJs === 'browser'","            ? local.global.utility2_npmtest_fbgraph","            : global.utility2_moduleExports);","        // export local","        local.global.local = local;","    }());","    switch (local.modeJs) {","","","","    // post-init","    // run browser js-env code - post-init","    /* istanbul ignore next */","    case 'browser':","        local.testRunBrowser = function (event) {","            if (!event || (event &&","                    event.currentTarget &&","                    event.currentTarget.className &&","                    event.currentTarget.className.includes &&","                    event.currentTarget.className.includes('onreset'))) {","                // reset output","                Array.from(","                    document.querySelectorAll('body > .resettable')","                ).forEach(function (element) {","                    switch (element.tagName) {","                    case 'INPUT':","                    case 'TEXTAREA':","                        element.value = '';","                        break;","                    default:","                        element.textContent = '';","                    }","                });","            }","            switch (event && event.currentTarget && event.currentTarget.id) {","            case 'testRunButton1':","                // show tests","                if (document.querySelector('#testReportDiv1').style.display === 'none') {","                    document.querySelector('#testReportDiv1').style.display = 'block';","                    document.querySelector('#testRunButton1').textContent =","                        'hide internal test';","                    local.modeTest = true;","                    local.testRunDefault(local);","                // hide tests","                } else {","                    document.querySelector('#testReportDiv1').style.display = 'none';","                    document.querySelector('#testRunButton1').textContent = 'run internal test';","                }","                break;","            // custom-case","            default:","                break;","            }","            if (document.querySelector('#inputTextareaEval1') && (!event || (event &&","                    event.currentTarget &&","                    event.currentTarget.className &&","                    event.currentTarget.className.includes &&","                    event.currentTarget.className.includes('oneval')))) {","                // try to eval input-code","                try {","                    /*jslint evil: true*/","                    eval(document.querySelector('#inputTextareaEval1').value);","                } catch (errorCaught) {","                    console.error(errorCaught);","                }","            }","        };","        // log stderr and stdout to #outputTextareaStdout1","        ['error', 'log'].forEach(function (key) {","            console[key + '_original'] = console[key];","            console[key] = function () {","                var element;","                console[key + '_original'].apply(console, arguments);","                element = document.querySelector('#outputTextareaStdout1');","                if (!element) {","                    return;","                }","                // append text to #outputTextareaStdout1","                element.value += Array.from(arguments).map(function (arg) {","                    return typeof arg === 'string'","                        ? arg","                        : JSON.stringify(arg, null, 4);","                }).join(' ') + '\\n';","                // scroll textarea to bottom","                element.scrollTop = element.scrollHeight;","            };","        });","        // init event-handling","        ['change', 'click', 'keyup'].forEach(function (event) {","            Array.from(document.querySelectorAll('.on' + event)).forEach(function (element) {","                element.addEventListener(event, local.testRunBrowser);","            });","        });","        // run tests","        local.testRunBrowser();","        break;","","","","    // run node js-env code - post-init","    /* istanbul ignore next */","    case 'node':","        // export local","        module.exports = local;","        // require modules","        local.fs = require('fs');","        local.http = require('http');","        local.url = require('url');","        // init assets","        local.assetsDict = local.assetsDict || {};","        /* jslint-ignore-begin */","        local.assetsDict['/assets.index.template.html'] = '\\","<!doctype html>\\n\\","<html lang=\"en\">\\n\\","<head>\\n\\","<meta charset=\"UTF-8\">\\n\\","<meta name=\"viewport\" content=\"width=device-width, initial-scale=1\">\\n\\","<title>{{env.npm_package_name}} (v{{env.npm_package_version}})</title>\\n\\","<style>\\n\\","/*csslint\\n\\","    box-sizing: false,\\n\\","    universal-selector: false\\n\\","*/\\n\\","* {\\n\\","    box-sizing: border-box;\\n\\","}\\n\\","body {\\n\\","    background: #dde;\\n\\","    font-family: Arial, Helvetica, sans-serif;\\n\\","    margin: 2rem;\\n\\","}\\n\\","body > * {\\n\\","    margin-bottom: 1rem;\\n\\","}\\n\\",".utility2FooterDiv {\\n\\","    margin-top: 20px;\\n\\","    text-align: center;\\n\\","}\\n\\","</style>\\n\\","<style>\\n\\","/*csslint\\n\\","*/\\n\\","textarea {\\n\\","    font-family: monospace;\\n\\","    height: 10rem;\\n\\","    width: 100%;\\n\\","}\\n\\","textarea[readonly] {\\n\\","    background: #ddd;\\n\\","}\\n\\","</style>\\n\\","</head>\\n\\","<body>\\n\\","<!-- utility2-comment\\n\\","<div id=\"ajaxProgressDiv1\" style=\"background: #d00; height: 2px; left: 0; margin: 0; padding: 0; position: fixed; top: 0; transition: background 0.5s, width 1.5s; width: 25%;\"></div>\\n\\","utility2-comment -->\\n\\","<h1>\\n\\","<!-- utility2-comment\\n\\","    <a\\n\\","        {{#if env.npm_package_homepage}}\\n\\","        href=\"{{env.npm_package_homepage}}\"\\n\\","        {{/if env.npm_package_homepage}}\\n\\","        target=\"_blank\"\\n\\","    >\\n\\","utility2-comment -->\\n\\","        {{env.npm_package_name}} (v{{env.npm_package_version}})\\n\\","<!-- utility2-comment\\n\\","    </a>\\n\\","utility2-comment -->\\n\\","</h1>\\n\\","<h3>{{env.npm_package_description}}</h3>\\n\\","<!-- utility2-comment\\n\\","<h4><a download href=\"assets.app.js\">download standalone app</a></h4>\\n\\","<button class=\"onclick onreset\" id=\"testRunButton1\">run internal test</button><br>\\n\\","<div id=\"testReportDiv1\" style=\"display: none;\"></div>\\n\\","utility2-comment -->\\n\\","\\n\\","\\n\\","\\n\\","<label>stderr and stdout</label>\\n\\","<textarea class=\"resettable\" id=\"outputTextareaStdout1\" readonly></textarea>\\n\\","<!-- utility2-comment\\n\\","{{#if isRollup}}\\n\\","<script src=\"assets.app.js\"></script>\\n\\","{{#unless isRollup}}\\n\\","utility2-comment -->\\n\\","<script src=\"assets.utility2.rollup.js\"></script>\\n\\","<script src=\"jsonp.utility2._stateInit?callback=window.utility2._stateInit\"></script>\\n\\","<script src=\"assets.npmtest_fbgraph.rollup.js\"></script>\\n\\","<script src=\"assets.example.js\"></script>\\n\\","<script src=\"assets.test.js\"></script>\\n\\","<!-- utility2-comment\\n\\","{{/if isRollup}}\\n\\","utility2-comment -->\\n\\","<div class=\"utility2FooterDiv\">\\n\\","    [ this app was created with\\n\\","    <a href=\"https://github.com/kaizhu256/node-utility2\" target=\"_blank\">utility2</a>\\n\\","    ]\\n\\","</div>\\n\\","</body>\\n\\","</html>\\n\\","';","        /* jslint-ignore-end */","        if (local.templateRender) {","            local.assetsDict['/'] = local.templateRender(","                local.assetsDict['/assets.index.template.html'],","                {","                    env: local.objectSetDefault(local.env, {","                        npm_package_description: 'the greatest app in the world!',","                        npm_package_name: 'my-app',","                        npm_package_nameAlias: 'my_app',","                        npm_package_version: '0.0.1'","                    })","                }","            );","        } else {","            local.assetsDict['/'] = local.assetsDict['/assets.index.template.html']","                .replace((/\\{\\{env\\.(\\w+?)\\}\\}/g), function (match0, match1) {","                    // jslint-hack","                    String(match0);","                    switch (match1) {","                    case 'npm_package_description':","                        return 'the greatest app in the world!';","                    case 'npm_package_name':","                        return 'my-app';","                    case 'npm_package_nameAlias':","                        return 'my_app';","                    case 'npm_package_version':","                        return '0.0.1';","                    }","                });","        }","        // run the cli","        if (local.global.utility2_rollup || module !== require.main) {","            break;","        }","        local.assetsDict['/assets.example.js'] =","            local.assetsDict['/assets.example.js'] ||","            local.fs.readFileSync(__filename, 'utf8');","        // bug-workaround - long $npm_package_buildCustomOrg","        /* jslint-ignore-begin */","        local.assetsDict['/assets.npmtest_fbgraph.rollup.js'] =","            local.assetsDict['/assets.npmtest_fbgraph.rollup.js'] ||","            local.fs.readFileSync(","                local.npmtest_fbgraph.__dirname + '/lib.npmtest_fbgraph.js',","                'utf8'","            ).replace((/^#!/), '//');","        /* jslint-ignore-end */","        local.assetsDict['/favicon.ico'] = local.assetsDict['/favicon.ico'] || '';","        // if $npm_config_timeout_exit exists,","        // then exit this process after $npm_config_timeout_exit ms","        if (Number(process.env.npm_config_timeout_exit)) {","            setTimeout(process.exit, Number(process.env.npm_config_timeout_exit));","        }","        // start server","        if (local.global.utility2_serverHttp1) {","            break;","        }","        process.env.PORT = process.env.PORT || '8081';","        console.error('server starting on port ' + process.env.PORT);","        local.http.createServer(function (request, response) {","            request.urlParsed = local.url.parse(request.url);","            if (local.assetsDict[request.urlParsed.pathname] !== undefined) {","                response.end(local.assetsDict[request.urlParsed.pathname]);","                return;","            }","            response.statusCode = 404;","            response.end();","        }).listen(process.env.PORT);","        break;","    }","}());",""],"l":{"26":2,"28":2,"33":2,"35":2,"37":2,"38":2,"39":2,"44":1,"51":2,"55":2,"59":2,"61":2,"69":1,"70":2,"76":2,"79":2,"82":2,"83":2,"85":1,"89":2,"92":1,"93":1,"94":1,"96":1,"97":1,"100":1,"101":1,"103":1,"106":1,"108":2,"114":1,"116":1,"118":1,"123":1,"124":2,"125":2,"126":3,"127":3,"128":3,"129":3,"130":1,"133":3,"134":3,"139":3,"143":1,"144":3,"145":1,"149":1,"150":1,"158":1,"160":1,"161":1,"162":1,"164":1,"166":1,"258":1,"259":1,"271":1,"274":6,"275":6,"277":1,"279":2,"281":1,"283":2,"288":1,"289":1,"291":1,"296":1,"303":1,"306":1,"307":1,"310":1,"311":1,"313":1,"314":1,"315":1,"316":1,"317":1,"318":1,"319":1,"321":1,"322":1,"324":1}},"/home/travis/build/npmtest/node-npmtest-fbgraph/node_modules/fbgraph/index.js":{"path":"/home/travis/build/npmtest/node-npmtest-fbgraph/node_modules/fbgraph/index.js","s":{"1":1},"b":{},"f":{},"fnMap":{},"statementMap":{"1":{"start":{"line":1,"column":0},"end":{"line":1,"column":40}}},"branchMap":{},"code":["module.exports = require('./lib/graph');",""],"l":{"1":1}},"/home/travis/build/npmtest/node-npmtest-fbgraph/node_modules/fbgraph/lib/graph.js":{"path":"/home/travis/build/npmtest/node-npmtest-fbgraph/node_modules/fbgraph/lib/graph.js","s":{"1":1,"2":1,"3":0,"4":0,"5":0,"6":0,"7":0,"8":0,"9":1,"10":1,"11":1,"12":0,"13":0,"14":0,"15":0,"16":0,"17":0,"18":0,"19":0,"20":0,"21":0,"22":0,"23":0,"24":0,"25":1,"26":0,"27":0,"28":0,"29":0,"30":1,"31":0,"32":0,"33":0,"34":0,"35":0,"36":0,"37":0,"38":0,"39":0,"40":0,"41":0,"42":0,"43":0,"44":0,"45":0,"46":1,"47":0,"48":0,"49":0,"50":0,"51":0,"52":0,"53":0,"54":0,"55":0,"56":0,"57":0,"58":0,"59":0,"60":0,"61":1,"62":0,"63":0,"64":0,"65":0,"66":0,"67":0,"68":0,"69":0,"70":1,"71":0,"72":0,"73":0,"74":0,"75":0,"76":0,"77":0,"78":1,"79":0,"80":0,"81":0,"82":0,"83":0,"84":0,"85":0,"86":0,"87":0,"88":1,"89":0,"90":0,"91":0,"92":0,"93":0,"94":0,"95":1,"96":0,"97":0,"98":0,"99":0,"100":0,"101":0,"102":0,"103":1,"104":0,"105":0,"106":0,"107":1,"108":0,"109":0,"110":0,"111":0,"112":0,"113":0,"114":1,"115":0,"116":0,"117":0,"118":0,"119":0,"120":0,"121":0,"122":0,"123":1,"124":0,"125":0,"126":1,"127":0,"128":0,"129":0,"130":0,"131":0,"132":1,"133":0,"134":0,"135":0,"136":0,"137":0,"138":0,"139":0,"140":1,"141":0,"142":0,"143":0,"144":1,"145":0,"146":1,"147":0,"148":0,"149":1,"150":0,"151":1,"152":0,"153":0,"154":0,"155":0,"156":1,"157":0,"158":0,"159":1,"160":0,"161":1,"162":0,"163":0,"164":1,"165":0},"b":{"1":[0,0],"2":[0,0],"3":[0,0],"4":[0,0],"5":[0,0],"6":[0,0],"7":[0,0],"8":[0,0],"9":[0,0],"10":[0,0],"11":[0,0],"12":[0,0,0],"13":[0,0],"14":[0,0],"15":[0,0],"16":[0,0],"17":[0,0],"18":[0,0],"19":[0,0],"20":[0,0],"21":[0,0,0],"22":[0,0],"23":[0,0],"24":[0,0],"25":[0,0],"26":[0,0],"27":[0,0],"28":[0,0],"29":[0,0],"30":[0,0],"31":[0,0],"32":[0,0],"33":[0,0],"34":[0,0],"35":[0,0],"36":[0,0],"37":[0,0],"38":[0,0],"39":[0,0],"40":[0,0],"41":[0,0],"42":[0,0],"43":[0,0],"44":[0,0],"45":[0,0],"46":[0,0],"47":[0,0]},"f":{"1":0,"2":0,"3":0,"4":0,"5":0,"6":0,"7":0,"8":0,"9":0,"10":0,"11":0,"12":0,"13":0,"14":0,"15":0,"16":0,"17":0,"18":0,"19":0,"20":0,"21":0,"22":0,"23":0,"24":0,"25":0,"26":0,"27":0,"28":0,"29":0,"30":0},"fnMap":{"1":{"name":"(anonymous_1)","line":9,"loc":{"start":{"line":9,"column":19},"end":{"line":9,"column":29}}},"2":{"name":"extend","line":13,"loc":{"start":{"line":13,"column":0},"end":{"line":13,"column":24}}},"3":{"name":"Graph","line":57,"loc":{"start":{"line":57,"column":0},"end":{"line":57,"column":48}}},"4":{"name":"(anonymous_4)","line":86,"loc":{"start":{"line":86,"column":29},"end":{"line":86,"column":43}}},"5":{"name":"(anonymous_5)","line":104,"loc":{"start":{"line":104,"column":27},"end":{"line":104,"column":41}}},"6":{"name":"(anonymous_6)","line":138,"loc":{"start":{"line":138,"column":22},"end":{"line":138,"column":38}}},"7":{"name":"(anonymous_7)","line":178,"loc":{"start":{"line":178,"column":22},"end":{"line":178,"column":34}}},"8":{"name":"(anonymous_8)","line":181,"loc":{"start":{"line":181,"column":35},"end":{"line":181,"column":60}}},"9":{"name":"(anonymous_9)","line":207,"loc":{"start":{"line":207,"column":23},"end":{"line":207,"column":34}}},"10":{"name":"(anonymous_10)","line":214,"loc":{"start":{"line":214,"column":31},"end":{"line":214,"column":57}}},"11":{"name":"(anonymous_11)","line":264,"loc":{"start":{"line":264,"column":14},"end":{"line":264,"column":46}}},"12":{"name":"(anonymous_12)","line":295,"loc":{"start":{"line":295,"column":15},"end":{"line":295,"column":50}}},"13":{"name":"(anonymous_13)","line":318,"loc":{"start":{"line":318,"column":14},"end":{"line":318,"column":49}}},"14":{"name":"(anonymous_14)","line":340,"loc":{"start":{"line":340,"column":17},"end":{"line":340,"column":46}}},"15":{"name":"(anonymous_15)","line":356,"loc":{"start":{"line":356,"column":16},"end":{"line":356,"column":58}}},"16":{"name":"(anonymous_16)","line":387,"loc":{"start":{"line":387,"column":14},"end":{"line":387,"column":49}}},"17":{"name":"(anonymous_17)","line":409,"loc":{"start":{"line":409,"column":22},"end":{"line":409,"column":46}}},"18":{"name":"(anonymous_18)","line":426,"loc":{"start":{"line":426,"column":20},"end":{"line":426,"column":48}}},"19":{"name":"(anonymous_19)","line":429,"loc":{"start":{"line":429,"column":49},"end":{"line":429,"column":68}}},"20":{"name":"(anonymous_20)","line":446,"loc":{"start":{"line":446,"column":28},"end":{"line":446,"column":56}}},"21":{"name":"(anonymous_21)","line":452,"loc":{"start":{"line":452,"column":51},"end":{"line":452,"column":70}}},"22":{"name":"(anonymous_22)","line":468,"loc":{"start":{"line":468,"column":21},"end":{"line":468,"column":40}}},"23":{"name":"(anonymous_23)","line":478,"loc":{"start":{"line":478,"column":21},"end":{"line":478,"column":32}}},"24":{"name":"(anonymous_24)","line":487,"loc":{"start":{"line":487,"column":25},"end":{"line":487,"column":41}}},"25":{"name":"(anonymous_25)","line":496,"loc":{"start":{"line":496,"column":25},"end":{"line":496,"column":37}}},"26":{"name":"(anonymous_26)","line":506,"loc":{"start":{"line":506,"column":21},"end":{"line":506,"column":40}}},"27":{"name":"(anonymous_27)","line":523,"loc":{"start":{"line":523,"column":23},"end":{"line":523,"column":39}}},"28":{"name":"(anonymous_28)","line":532,"loc":{"start":{"line":532,"column":23},"end":{"line":532,"column":35}}},"29":{"name":"(anonymous_29)","line":540,"loc":{"start":{"line":540,"column":22},"end":{"line":540,"column":37}}},"30":{"name":"(anonymous_30)","line":549,"loc":{"start":{"line":549,"column":22},"end":{"line":549,"column":33}}}},"statementMap":{"1":{"start":{"line":5,"column":0},"end":{"line":9,"column":32}},"2":{"start":{"line":13,"column":0},"end":{"line":25,"column":1}},"3":{"start":{"line":14,"column":2},"end":{"line":22,"column":3}},"4":{"start":{"line":15,"column":4},"end":{"line":16,"column":37}},"5":{"start":{"line":18,"column":4},"end":{"line":21,"column":5}},"6":{"start":{"line":19,"column":6},"end":{"line":19,"column":25}},"7":{"start":{"line":20,"column":6},"end":{"line":20,"column":34}},"8":{"start":{"line":24,"column":2},"end":{"line":24,"column":16}},"9":{"start":{"line":32,"column":0},"end":{"line":38,"column":30}},"10":{"start":{"line":44,"column":0},"end":{"line":44,"column":26}},"11":{"start":{"line":57,"column":0},"end":{"line":78,"column":1}},"12":{"start":{"line":58,"column":2},"end":{"line":61,"column":3}},"13":{"start":{"line":59,"column":4},"end":{"line":59,"column":25}},"14":{"start":{"line":60,"column":4},"end":{"line":60,"column":19}},"15":{"start":{"line":63,"column":2},"end":{"line":63,"column":39}},"16":{"start":{"line":64,"column":2},"end":{"line":64,"column":35}},"17":{"start":{"line":65,"column":2},"end":{"line":65,"column":27}},"18":{"start":{"line":67,"column":2},"end":{"line":67,"column":53}},"19":{"start":{"line":68,"column":2},"end":{"line":68,"column":59}},"20":{"start":{"line":71,"column":2},"end":{"line":71,"column":39}},"21":{"start":{"line":72,"column":2},"end":{"line":72,"column":36}},"22":{"start":{"line":73,"column":2},"end":{"line":73,"column":38}},"23":{"start":{"line":75,"column":2},"end":{"line":75,"column":46}},"24":{"start":{"line":77,"column":2},"end":{"line":77,"column":14}},"25":{"start":{"line":86,"column":0},"end":{"line":94,"column":2}},"26":{"start":{"line":87,"column":2},"end":{"line":87,"column":27}},"27":{"start":{"line":89,"column":2},"end":{"line":91,"column":3}},"28":{"start":{"line":90,"column":4},"end":{"line":90,"column":47}},"29":{"start":{"line":93,"column":2},"end":{"line":93,"column":13}},"30":{"start":{"line":104,"column":0},"end":{"line":131,"column":2}},"31":{"start":{"line":105,"column":2},"end":{"line":105,"column":19}},"32":{"start":{"line":108,"column":2},"end":{"line":108,"column":37}},"33":{"start":{"line":109,"column":2},"end":{"line":109,"column":32}},"34":{"start":{"line":110,"column":2},"end":{"line":110,"column":62}},"35":{"start":{"line":113,"column":2},"end":{"line":113,"column":75}},"36":{"start":{"line":113,"column":59},"end":{"line":113,"column":75}},"37":{"start":{"line":116,"column":2},"end":{"line":119,"column":3}},"38":{"start":{"line":117,"column":4},"end":{"line":117,"column":41}},"39":{"start":{"line":118,"column":4},"end":{"line":118,"column":41}},"40":{"start":{"line":122,"column":2},"end":{"line":128,"column":3}},"41":{"start":{"line":123,"column":4},"end":{"line":123,"column":54}},"42":{"start":{"line":124,"column":4},"end":{"line":124,"column":36}},"43":{"start":{"line":126,"column":4},"end":{"line":126,"column":41}},"44":{"start":{"line":127,"column":4},"end":{"line":127,"column":51}},"45":{"start":{"line":130,"column":2},"end":{"line":130,"column":13}},"46":{"start":{"line":138,"column":0},"end":{"line":171,"column":2}},"47":{"start":{"line":139,"column":2},"end":{"line":140,"column":18}},"48":{"start":{"line":142,"column":2},"end":{"line":166,"column":3}},"49":{"start":{"line":143,"column":4},"end":{"line":165,"column":5}},"50":{"start":{"line":146,"column":6},"end":{"line":158,"column":7}},"51":{"start":{"line":147,"column":8},"end":{"line":147,"column":32}},"52":{"start":{"line":154,"column":8},"end":{"line":154,"column":58}},"53":{"start":{"line":154,"column":36},"end":{"line":154,"column":58}},"54":{"start":{"line":155,"column":8},"end":{"line":155,"column":54}},"55":{"start":{"line":155,"column":36},"end":{"line":155,"column":54}},"56":{"start":{"line":157,"column":8},"end":{"line":157,"column":43}},"57":{"start":{"line":161,"column":6},"end":{"line":164,"column":8}},"58":{"start":{"line":168,"column":2},"end":{"line":168,"column":53}},"59":{"start":{"line":168,"column":36},"end":{"line":168,"column":53}},"60":{"start":{"line":170,"column":2},"end":{"line":170,"column":27}},"61":{"start":{"line":178,"column":0},"end":{"line":200,"column":2}},"62":{"start":{"line":179,"column":2},"end":{"line":179,"column":18}},"63":{"start":{"line":181,"column":2},"end":{"line":199,"column":5}},"64":{"start":{"line":182,"column":4},"end":{"line":189,"column":5}},"65":{"start":{"line":183,"column":6},"end":{"line":186,"column":15}},"66":{"start":{"line":188,"column":6},"end":{"line":188,"column":13}},"67":{"start":{"line":191,"column":4},"end":{"line":196,"column":5}},"68":{"start":{"line":192,"column":6},"end":{"line":195,"column":8}},"69":{"start":{"line":198,"column":4},"end":{"line":198,"column":19}},"70":{"start":{"line":207,"column":0},"end":{"line":227,"column":2}},"71":{"start":{"line":209,"column":2},"end":{"line":210,"column":45}},"72":{"start":{"line":212,"column":2},"end":{"line":212,"column":32}},"73":{"start":{"line":214,"column":2},"end":{"line":225,"column":5}},"74":{"start":{"line":215,"column":4},"end":{"line":222,"column":5}},"75":{"start":{"line":216,"column":6},"end":{"line":219,"column":15}},"76":{"start":{"line":221,"column":6},"end":{"line":221,"column":13}},"77":{"start":{"line":224,"column":4},"end":{"line":224,"column":19}},"78":{"start":{"line":264,"column":0},"end":{"line":280,"column":2}},"79":{"start":{"line":265,"column":2},"end":{"line":268,"column":3}},"80":{"start":{"line":266,"column":4},"end":{"line":266,"column":22}},"81":{"start":{"line":267,"column":4},"end":{"line":267,"column":20}},"82":{"start":{"line":270,"column":2},"end":{"line":272,"column":3}},"83":{"start":{"line":271,"column":4},"end":{"line":271,"column":73}},"84":{"start":{"line":274,"column":2},"end":{"line":277,"column":3}},"85":{"start":{"line":275,"column":4},"end":{"line":275,"column":41}},"86":{"start":{"line":276,"column":4},"end":{"line":276,"column":32}},"87":{"start":{"line":279,"column":2},"end":{"line":279,"column":41}},"88":{"start":{"line":295,"column":0},"end":{"line":306,"column":2}},"89":{"start":{"line":296,"column":2},"end":{"line":298,"column":3}},"90":{"start":{"line":297,"column":4},"end":{"line":297,"column":73}},"91":{"start":{"line":300,"column":2},"end":{"line":303,"column":3}},"92":{"start":{"line":301,"column":4},"end":{"line":301,"column":24}},"93":{"start":{"line":302,"column":4},"end":{"line":302,"column":85}},"94":{"start":{"line":305,"column":2},"end":{"line":305,"column":52}},"95":{"start":{"line":318,"column":0},"end":{"line":330,"column":2}},"96":{"start":{"line":319,"column":2},"end":{"line":322,"column":3}},"97":{"start":{"line":320,"column":4},"end":{"line":320,"column":41}},"98":{"start":{"line":321,"column":4},"end":{"line":321,"column":27}},"99":{"start":{"line":324,"column":2},"end":{"line":327,"column":3}},"100":{"start":{"line":325,"column":4},"end":{"line":325,"column":24}},"101":{"start":{"line":326,"column":4},"end":{"line":326,"column":85}},"102":{"start":{"line":329,"column":2},"end":{"line":329,"column":44}},"103":{"start":{"line":340,"column":0},"end":{"line":344,"column":2}},"104":{"start":{"line":341,"column":2},"end":{"line":341,"column":26}},"105":{"start":{"line":342,"column":2},"end":{"line":342,"column":47}},"106":{"start":{"line":343,"column":2},"end":{"line":343,"column":33}},"107":{"start":{"line":356,"column":0},"end":{"line":370,"column":2}},"108":{"start":{"line":357,"column":2},"end":{"line":359,"column":3}},"109":{"start":{"line":358,"column":4},"end":{"line":358,"column":84}},"110":{"start":{"line":361,"column":2},"end":{"line":364,"column":3}},"111":{"start":{"line":362,"column":4},"end":{"line":362,"column":30}},"112":{"start":{"line":363,"column":4},"end":{"line":363,"column":24}},"113":{"start":{"line":366,"column":2},"end":{"line":369,"column":32}},"114":{"start":{"line":387,"column":0},"end":{"line":399,"column":2}},"115":{"start":{"line":388,"column":2},"end":{"line":388,"column":63}},"116":{"start":{"line":388,"column":33},"end":{"line":388,"column":63}},"117":{"start":{"line":390,"column":2},"end":{"line":390,"column":50}},"118":{"start":{"line":392,"column":2},"end":{"line":398,"column":3}},"119":{"start":{"line":393,"column":4},"end":{"line":393,"column":22}},"120":{"start":{"line":394,"column":4},"end":{"line":394,"column":18}},"121":{"start":{"line":395,"column":4},"end":{"line":395,"column":35}},"122":{"start":{"line":397,"column":4},"end":{"line":397,"column":43}},"123":{"start":{"line":409,"column":0},"end":{"line":412,"column":2}},"124":{"start":{"line":410,"column":2},"end":{"line":410,"column":74}},"125":{"start":{"line":411,"column":2},"end":{"line":411,"column":36}},"126":{"start":{"line":426,"column":0},"end":{"line":434,"column":2}},"127":{"start":{"line":427,"column":2},"end":{"line":427,"column":18}},"128":{"start":{"line":429,"column":2},"end":{"line":433,"column":5}},"129":{"start":{"line":430,"column":4},"end":{"line":430,"column":52}},"130":{"start":{"line":430,"column":14},"end":{"line":430,"column":52}},"131":{"start":{"line":432,"column":4},"end":{"line":432,"column":23}},"132":{"start":{"line":446,"column":0},"end":{"line":459,"column":2}},"133":{"start":{"line":447,"column":4},"end":{"line":447,"column":20}},"134":{"start":{"line":449,"column":4},"end":{"line":449,"column":51}},"135":{"start":{"line":450,"column":4},"end":{"line":450,"column":97}},"136":{"start":{"line":452,"column":4},"end":{"line":458,"column":7}},"137":{"start":{"line":453,"column":6},"end":{"line":455,"column":7}},"138":{"start":{"line":454,"column":8},"end":{"line":454,"column":46}},"139":{"start":{"line":457,"column":6},"end":{"line":457,"column":25}},"140":{"start":{"line":468,"column":0},"end":{"line":472,"column":2}},"141":{"start":{"line":469,"column":2},"end":{"line":469,"column":61}},"142":{"start":{"line":469,"column":36},"end":{"line":469,"column":61}},"143":{"start":{"line":471,"column":2},"end":{"line":471,"column":14}},"144":{"start":{"line":478,"column":0},"end":{"line":480,"column":2}},"145":{"start":{"line":479,"column":2},"end":{"line":479,"column":24}},"146":{"start":{"line":487,"column":0},"end":{"line":490,"column":2}},"147":{"start":{"line":488,"column":2},"end":{"line":488,"column":22}},"148":{"start":{"line":489,"column":2},"end":{"line":489,"column":14}},"149":{"start":{"line":496,"column":0},"end":{"line":498,"column":2}},"150":{"start":{"line":497,"column":2},"end":{"line":497,"column":21}},"151":{"start":{"line":506,"column":0},"end":{"line":515,"column":2}},"152":{"start":{"line":508,"column":2},"end":{"line":508,"column":25}},"153":{"start":{"line":511,"column":2},"end":{"line":511,"column":78}},"154":{"start":{"line":512,"column":2},"end":{"line":512,"column":76}},"155":{"start":{"line":514,"column":2},"end":{"line":514,"column":14}},"156":{"start":{"line":523,"column":0},"end":{"line":526,"column":2}},"157":{"start":{"line":524,"column":2},"end":{"line":524,"column":20}},"158":{"start":{"line":525,"column":2},"end":{"line":525,"column":14}},"159":{"start":{"line":532,"column":0},"end":{"line":534,"column":2}},"160":{"start":{"line":533,"column":2},"end":{"line":533,"column":19}},"161":{"start":{"line":540,"column":0},"end":{"line":543,"column":2}},"162":{"start":{"line":541,"column":2},"end":{"line":541,"column":17}},"163":{"start":{"line":542,"column":2},"end":{"line":542,"column":14}},"164":{"start":{"line":549,"column":0},"end":{"line":551,"column":2}},"165":{"start":{"line":550,"column":2},"end":{"line":550,"column":18}}},"branchMap":{"1":{"line":58,"type":"if","locations":[{"start":{"line":58,"column":2},"end":{"line":58,"column":2}},{"start":{"line":58,"column":2},"end":{"line":58,"column":2}}]},"2":{"line":64,"type":"binary-expr","locations":[{"start":{"line":64,"column":18},"end":{"line":64,"column":26}},{"start":{"line":64,"column":30},"end":{"line":64,"column":34}}]},"3":{"line":68,"type":"binary-expr","locations":[{"start":{"line":68,"column":26},"end":{"line":68,"column":47}},{"start":{"line":68,"column":51},"end":{"line":68,"column":58}}]},"4":{"line":89,"type":"if","locations":[{"start":{"line":89,"column":2},"end":{"line":89,"column":2}},{"start":{"line":89,"column":2},"end":{"line":89,"column":2}}]},"5":{"line":110,"type":"cond-expr","locations":[{"start":{"line":110,"column":37},"end":{"line":110,"column":47}},{"start":{"line":110,"column":50},"end":{"line":110,"column":61}}]},"6":{"line":113,"type":"if","locations":[{"start":{"line":113,"column":2},"end":{"line":113,"column":2}},{"start":{"line":113,"column":2},"end":{"line":113,"column":2}}]},"7":{"line":113,"type":"binary-expr","locations":[{"start":{"line":113,"column":6},"end":{"line":113,"column":27}},{"start":{"line":113,"column":31},"end":{"line":113,"column":57}}]},"8":{"line":116,"type":"if","locations":[{"start":{"line":116,"column":2},"end":{"line":116,"column":2}},{"start":{"line":116,"column":2},"end":{"line":116,"column":2}}]},"9":{"line":116,"type":"binary-expr","locations":[{"start":{"line":116,"column":6},"end":{"line":116,"column":17}},{"start":{"line":116,"column":21},"end":{"line":116,"column":56}}]},"10":{"line":117,"type":"cond-expr","locations":[{"start":{"line":117,"column":31},"end":{"line":117,"column":34}},{"start":{"line":117,"column":37},"end":{"line":117,"column":40}}]},"11":{"line":122,"type":"if","locations":[{"start":{"line":122,"column":2},"end":{"line":122,"column":2}},{"start":{"line":122,"column":2},"end":{"line":122,"column":2}}]},"12":{"line":122,"type":"binary-expr","locations":[{"start":{"line":122,"column":6},"end":{"line":122,"column":24}},{"start":{"line":122,"column":28},"end":{"line":122,"column":37}},{"start":{"line":122,"column":41},"end":{"line":122,"column":78}}]},"13":{"line":126,"type":"cond-expr","locations":[{"start":{"line":126,"column":31},"end":{"line":126,"column":34}},{"start":{"line":126,"column":37},"end":{"line":126,"column":40}}]},"14":{"line":139,"type":"cond-expr","locations":[{"start":{"line":139,"column":40},"end":{"line":139,"column":44}},{"start":{"line":139,"column":47},"end":{"line":139,"column":51}}]},"15":{"line":142,"type":"if","locations":[{"start":{"line":142,"column":2},"end":{"line":142,"column":2}},{"start":{"line":142,"column":2},"end":{"line":142,"column":2}}]},"16":{"line":146,"type":"if","locations":[{"start":{"line":146,"column":6},"end":{"line":146,"column":6}},{"start":{"line":146,"column":6},"end":{"line":146,"column":6}}]},"17":{"line":146,"type":"binary-expr","locations":[{"start":{"line":146,"column":10},"end":{"line":146,"column":28}},{"start":{"line":146,"column":32},"end":{"line":146,"column":50}}]},"18":{"line":154,"type":"if","locations":[{"start":{"line":154,"column":8},"end":{"line":154,"column":8}},{"start":{"line":154,"column":8},"end":{"line":154,"column":8}}]},"19":{"line":155,"type":"if","locations":[{"start":{"line":155,"column":8},"end":{"line":155,"column":8}},{"start":{"line":155,"column":8},"end":{"line":155,"column":8}}]},"20":{"line":168,"type":"if","locations":[{"start":{"line":168,"column":2},"end":{"line":168,"column":2}},{"start":{"line":168,"column":2},"end":{"line":168,"column":2}}]},"21":{"line":168,"type":"binary-expr","locations":[{"start":{"line":168,"column":6},"end":{"line":168,"column":10}},{"start":{"line":168,"column":15},"end":{"line":168,"column":19}},{"start":{"line":168,"column":23},"end":{"line":168,"column":33}}]},"22":{"line":182,"type":"if","locations":[{"start":{"line":182,"column":4},"end":{"line":182,"column":4}},{"start":{"line":182,"column":4},"end":{"line":182,"column":4}}]},"23":{"line":191,"type":"if","locations":[{"start":{"line":191,"column":4},"end":{"line":191,"column":4}},{"start":{"line":191,"column":4},"end":{"line":191,"column":4}}]},"24":{"line":215,"type":"if","locations":[{"start":{"line":215,"column":4},"end":{"line":215,"column":4}},{"start":{"line":215,"column":4},"end":{"line":215,"column":4}}]},"25":{"line":265,"type":"if","locations":[{"start":{"line":265,"column":2},"end":{"line":265,"column":2}},{"start":{"line":265,"column":2},"end":{"line":265,"column":2}}]},"26":{"line":270,"type":"if","locations":[{"start":{"line":270,"column":2},"end":{"line":270,"column":2}},{"start":{"line":270,"column":2},"end":{"line":270,"column":2}}]},"27":{"line":274,"type":"if","locations":[{"start":{"line":274,"column":2},"end":{"line":274,"column":2}},{"start":{"line":274,"column":2},"end":{"line":274,"column":2}}]},"28":{"line":275,"type":"cond-expr","locations":[{"start":{"line":275,"column":31},"end":{"line":275,"column":34}},{"start":{"line":275,"column":37},"end":{"line":275,"column":40}}]},"29":{"line":296,"type":"if","locations":[{"start":{"line":296,"column":2},"end":{"line":296,"column":2}},{"start":{"line":296,"column":2},"end":{"line":296,"column":2}}]},"30":{"line":300,"type":"if","locations":[{"start":{"line":300,"column":2},"end":{"line":300,"column":2}},{"start":{"line":300,"column":2},"end":{"line":300,"column":2}}]},"31":{"line":302,"type":"cond-expr","locations":[{"start":{"line":302,"column":52},"end":{"line":302,"column":54}},{"start":{"line":302,"column":57},"end":{"line":302,"column":84}}]},"32":{"line":319,"type":"if","locations":[{"start":{"line":319,"column":2},"end":{"line":319,"column":2}},{"start":{"line":319,"column":2},"end":{"line":319,"column":2}}]},"33":{"line":320,"type":"cond-expr","locations":[{"start":{"line":320,"column":31},"end":{"line":320,"column":34}},{"start":{"line":320,"column":37},"end":{"line":320,"column":40}}]},"34":{"line":324,"type":"if","locations":[{"start":{"line":324,"column":2},"end":{"line":324,"column":2}},{"start":{"line":324,"column":2},"end":{"line":324,"column":2}}]},"35":{"line":326,"type":"cond-expr","locations":[{"start":{"line":326,"column":52},"end":{"line":326,"column":54}},{"start":{"line":326,"column":57},"end":{"line":326,"column":84}}]},"36":{"line":341,"type":"binary-expr","locations":[{"start":{"line":341,"column":12},"end":{"line":341,"column":19}},{"start":{"line":341,"column":23},"end":{"line":341,"column":25}}]},"37":{"line":357,"type":"if","locations":[{"start":{"line":357,"column":2},"end":{"line":357,"column":2}},{"start":{"line":357,"column":2},"end":{"line":357,"column":2}}]},"38":{"line":361,"type":"if","locations":[{"start":{"line":361,"column":2},"end":{"line":361,"column":2}},{"start":{"line":361,"column":2},"end":{"line":361,"column":2}}]},"39":{"line":388,"type":"if","locations":[{"start":{"line":388,"column":2},"end":{"line":388,"column":2}},{"start":{"line":388,"column":2},"end":{"line":388,"column":2}}]},"40":{"line":392,"type":"if","locations":[{"start":{"line":392,"column":2},"end":{"line":392,"column":2}},{"start":{"line":392,"column":2},"end":{"line":392,"column":2}}]},"41":{"line":410,"type":"cond-expr","locations":[{"start":{"line":410,"column":36},"end":{"line":410,"column":56}},{"start":{"line":410,"column":59},"end":{"line":410,"column":73}}]},"42":{"line":410,"type":"binary-expr","locations":[{"start":{"line":410,"column":13},"end":{"line":410,"column":17}},{"start":{"line":410,"column":21},"end":{"line":410,"column":32}}]},"43":{"line":430,"type":"if","locations":[{"start":{"line":430,"column":4},"end":{"line":430,"column":4}},{"start":{"line":430,"column":4},"end":{"line":430,"column":4}}]},"44":{"line":450,"type":"cond-expr","locations":[{"start":{"line":450,"column":53},"end":{"line":450,"column":72}},{"start":{"line":450,"column":75},"end":{"line":450,"column":96}}]},"45":{"line":453,"type":"if","locations":[{"start":{"line":453,"column":6},"end":{"line":453,"column":6}},{"start":{"line":453,"column":6},"end":{"line":453,"column":6}}]},"46":{"line":453,"type":"binary-expr","locations":[{"start":{"line":453,"column":10},"end":{"line":453,"column":14}},{"start":{"line":453,"column":18},"end":{"line":453,"column":38}}]},"47":{"line":469,"type":"if","locations":[{"start":{"line":469,"column":2},"end":{"line":469,"column":2}},{"start":{"line":469,"column":2},"end":{"line":469,"column":2}}]}},"code":["/**"," * Module Dependencies"," */","","var request      = require('request')","  , qs           = require('qs')","  , url          = require('url')","  , crypto       = require('crypto')","  , noop         = function(){};","","","// Using `extend` from https://github.com/Raynos/xtend","function extend(target) {","  for (var i = 1; i < arguments.length; i++) {","    var source = arguments[i]","      , keys   = Object.keys(source);","","    for (var j = 0; j < keys.length; j++) {","      var name = keys[j];","      target[name] = source[name];","    }","  }","","  return target;","}","","","/**"," * @private"," */","","var accessToken          = null","  , appSecret            = null","  , graphUrl             = 'https://graph.facebook.com'","  , graphVersion         = '2.4' // default to the oldest version","  , oauthDialogUrl       = \"https://www.facebook.com/v2.0/dialog/oauth?\" // oldest version for auth","  , oauthDialogUrlMobile = \"https://m.facebook.com/v2.0/dialog/oauth?\"   // oldest version for auth","  , requestOptions       = {};","","/**"," * Library version"," */","","exports.version = '1.3.0';","","/**"," * Graph Stream"," *"," * @param {String} method"," * @param {String} url"," * @param {object/function} - postData"," * - object to be used for post"," * - assumed to be a callback function if callback is undefined"," * @param {function/undefined} - callback function"," */","","function Graph(method, url, postData, callback) {","  if (typeof callback === 'undefined') {","    callback  = postData;","    postData  = {};","  }","","  url           = this.prepareUrl(url);","  this.callback = callback || noop;","  this.postData = postData;","","  this.options          = extend({}, requestOptions);","  this.options.encoding = this.options.encoding || 'utf-8';","","  // these particular set of options should be immutable","  this.options.method         = method;","  this.options.uri            = url;","  this.options.followRedirect = false;","","  this.request = this[method.toLowerCase()]();","","  return this;","}","","","/**"," * \"Prepares\" given url string"," * - adds protocol and host prefix if none is given"," * @param {string} url string"," */","Graph.prototype.prepareUrl = function(url) {","  url = this.cleanUrl(url);","","  if (url.substr(0,4) !== 'http') {","    url = graphUrl + '/v' + graphVersion + url;","  }","","  return url;","};","","/**"," * \"Cleans\" given url string"," * - adds lading slash"," * - adds access token if we have one"," * - adds appsecret_proof if we have an accessToken and appSecret"," * @param {string} url string"," */","","Graph.prototype.cleanUrl = function(url) {","  url = url.trim();","","  // prep access token in url for appsecret proofing","  var regex = /access_token=([^&]*)/;","  var results = regex.exec(url);","  var sessionAccessToken = results ? results[1] : accessToken;","","  // add leading slash","  if (url.charAt(0) !== '/' && url.substr(0,4) !== 'http') url = '/' + url;","","  // add access token to url","  if (accessToken && url.indexOf('access_token=') === -1) {","    url += ~url.indexOf('?') ? '&' : '?';","    url += \"access_token=\" + accessToken;","  }","","  // add appsecret_proof to the url","  if (sessionAccessToken && appSecret && url.indexOf('appsecret_proof') === -1) {","    var hmac = crypto.createHmac('sha256', appSecret);","    hmac.update(sessionAccessToken);","","    url += ~url.indexOf('?') ? '&' : '?';","    url += \"appsecret_proof=\" + hmac.digest('hex');","  }","","  return url;","};","","/**"," * Gets called on response.end"," * @param {String|Object} body"," */","","Graph.prototype.end = function (body) {","  var json = typeof body === 'string' ? null : body","    , err  = null;","","  if (!json) {","    try {","","      // this accounts for `real` json strings","      if (~body.indexOf('{') && ~body.indexOf('}')) {","        json = JSON.parse(body);","","      } else {","        // this accounts for responses that are plain strings","        // access token responses have format of \"accessToken=....&...\"","        // but facebook has random responses that just return \"true\"","        // so we'll convert those to { data: true }","        if (!~body.indexOf('='))    body = 'data=' + body;","        if (body.charAt(0) !== '?') body = '?' + body;","","        json = url.parse(body, true).query;","      }","","    } catch (e) {","      err = {","          message: 'Error parsing json'","        , exception: e","      };","    }","  }","","  if (!err && (json && json.error)) err = json.error;","","  this.callback(err, json);","};","","","/**"," * https.get request wrapper"," */","","Graph.prototype.get = function () {","  var self = this;","","  return request.get(this.options, function(err, res, body) {","    if (err) {","      self.callback({","          message: 'Error processing https request'","        , exception: err","      }, null);","","      return;","    }","","    if (~res.headers['content-type'].indexOf('image')) {","      body = {","          image: true","        , location: res.headers.location","      };","    }","","    self.end(body);","  });","};","","","/**"," * https.post request wrapper"," */","","Graph.prototype.post = function() {","","  var self     = this","    , postData = qs.stringify(this.postData);","","  this.options.body  = postData;","","  return request(this.options, function (err, res, body) {","    if (err) {","      self.callback({","          message: 'Error processing https request'","        , exception: err","      }, null);","","      return;","    }","","    self.end(body);","  });","","};","","/**"," * Accepts an url an returns facebook"," * json data to the callback provided"," *"," * if the response is an image"," * ( FB redirects profile image requests directly to the image )"," * We'll send back json containing  {image: true, location: imageLocation }"," *"," * Ex:"," *"," *    Passing params directly in the url"," *"," *      graph.get(\"zuck?fields=picture\", callback)"," *"," *    OR"," *"," *      var params = { fields: picture };"," *      graph.get(\"zuck\", params, callback);"," *"," *    GraphApi calls that redirect directly to an image"," *    will return a json response with relavant fields"," *"," *      graph.get(\"/zuck/picture\", callback);"," *"," *      {"," *        image: true,"," *        location: \"http://profile.ak.fbcdn.net/hprofile-ak-snc4/157340_4_3955636_q.jpg\""," *      }"," *"," *"," * @param {object} params"," * @param {string} url"," * @param {function} callback"," */","","exports.get = function(url, params, callback) {","  if (typeof params === 'function') {","    callback = params;","    params   = null;","  }","","  if (typeof url !== 'string') {","    return callback({ message: 'Graph api url must be a string' }, null);","  }","","  if (params)  {","    url += ~url.indexOf('?') ? '&' : '?';","    url += qs.stringify(params);","  }","","  return new Graph('GET', url, callback);","};","","/**"," * Publish to the facebook graph"," * access token will be needed for posts"," * Ex:"," *"," *    var wallPost = { message: \"heyooo budday\" };"," *    graph.post(friendID + \"/feed\", wallPost, callback);"," *"," * @param {string} url"," * @param {object} postData"," * @param {function} callback"," */","","exports.post = function (url, postData, callback) {","  if (typeof url !== 'string') {","    return callback({ message: 'Graph api url must be a string' }, null);","  }","","  if (typeof postData === 'function') {","    callback = postData;","    postData = url.indexOf('access_token') !== -1 ? {} : {access_token: accessToken};","  }","","  return new Graph('POST', url, postData, callback);","};","","/**"," * Deletes an object from the graph api"," * by sending a \"DELETE\", which is really"," * a post call, along with a method=delete param"," *"," * @param {string} url"," * @param {object} postData (optional)"," * @param {function} callback"," */","","exports.del = function (url, postData, callback) {","  if (!url.match(/[?|&]method=delete/i)) {","    url += ~url.indexOf('?') ? '&' : '?';","    url += 'method=delete';","  }","","  if (typeof postData === 'function') {","    callback = postData;","    postData = url.indexOf('access_token') !== -1 ? {} : {access_token: accessToken};","  }","","  return this.post(url, postData, callback);","};","","","/**"," * Perform a search on the graph api"," *"," * @param {object} options (search options)"," * @param {function} callback"," */","","exports.search = function (options, callback) {","  options = options || {};","  var url = '/search?' + qs.stringify(options);","  return this.get(url, callback);","};","","/**"," * Perform a batch query on the graph api"," *"," * @param  {Array}    reqs     An array containing queries"," * @param  {[Object]} additionalData Additional data to send, e.g. attachments or the `include_headers` parameter."," * @param  {Function} callback"," *"," * @see https://developers.facebook.com/docs/graph-api/making-multiple-requests"," */","","exports.batch = function (reqs, additionalData, callback) {","  if (!(reqs instanceof Array)) {","    return callback({ message: 'Graph api batch requests must be an array' }, null);","  }","","  if (typeof additionalData === 'function') {","    callback = additionalData;","    additionalData = {};","  }","","  return new Graph('POST', '', extend({}, {","    access_token: accessToken,","    batch: JSON.stringify(reqs)","  }, additionalData), callback);","};","","","/**"," * Perform a fql query or mutliquery"," * multiqueries are done by sending in"," * an object :"," *"," *     var query = {"," *         name:         \"SELECT name FROM user WHERE uid = me()\""," *       , permissions:  \"SELECT \" + FBConfig.scope + \" FROM permissions WHERE uid = me()\""," *     };"," *"," * @param {string/object} query"," * @param {object} params"," * @param {function} callback"," */","exports.fql = function (query, params, callback) {","  if (typeof query !== 'string') query = JSON.stringify(query);","","  var url = '/fql?q=' + encodeURIComponent(query);","","  if (typeof params === 'function') {","    callback = params;","    params = null;","    return this.get(url, callback);","  } else {","    return this.get(url, params, callback);","  }","};","","","/**"," * @param {object} params containing:"," *   - client_id"," *   - redirect_uri"," * @param {object} opts  Options hash. { mobile: true } will return mobile oAuth URL"," * @returns the oAuthDialogUrl based on params"," */","exports.getOauthUrl = function (params, opts) {","  var url = (opts && opts.mobile) ? oauthDialogUrlMobile : oauthDialogUrl;","  return url + qs.stringify(params);","};","","/**"," * Authorizes user and sets the"," * accessToken if everything worked out"," *"," * @param {object} params containing:"," *   - client_id"," *   - redirect_uri"," *   - client_secret"," *   - code"," * @param {function} callback"," */","","exports.authorize = function (params, callback) {","  var self = this;","","  return this.get(\"/oauth/access_token\", params, function(err, res) {","    if (!err) self.setAccessToken(res.access_token);","","    callback(err, res);","  });","};","","/**"," * Extends the expiration time of accessToken"," *"," * @param {object} params containing:"," *   - client_id"," *   - client_secret"," *   - access_token (optional)"," * @param {function} callback"," */","","exports.extendAccessToken = function (params, callback) {","    var self = this;","","    params.grant_type        = 'fb_exchange_token';","    params.fb_exchange_token = params.access_token ? params.access_token : this.getAccessToken();","","    return this.get(\"/oauth/access_token\", params, function(err, res) {","      if (!err && !params.access_token) {","        self.setAccessToken(res.access_token);","      }","","      callback(err, res);","    });","};","","/**"," * Set request options."," * These are mapped directly to the"," * `request` module options object"," * @param {Object} options"," */","","exports.setOptions = function (options) {","  if (typeof options === 'object')  requestOptions = options;","","  return this;","};","","/**"," * @returns the request options object"," */","","exports.getOptions = function() {","  return requestOptions;","};","","/**"," * Sets the access token"," * @param {string} token"," */","","exports.setAccessToken = function(token) {","  accessToken = token;","  return this;","};","","/**"," * @returns the access token"," */","","exports.getAccessToken = function () {","  return accessToken;","};","","/**"," * Set's the Graph API version."," * Note that you don't need to specify the 'v', just"," * add '2.1', '1.1' etc"," * @param {string} version"," */","exports.setVersion = function (version) {","  // set version","  graphVersion = version;","","  // update auth urls","  oauthDialogUrl       = \"http://www.facebook.com/v\"+version+\"/dialog/oauth?\"; // oldest version for auth","  oauthDialogUrlMobile = \"http://m.facebook.com/v\"+version+\"/dialog/oauth?\";   // oldest version for auth","","  return this;","};","","","/**"," * Sets the app secret, used to verify all API calls if provided"," * @param {string} token"," */","","exports.setAppSecret = function(token) {","  appSecret = token;","  return this;","};","","/**"," * @returns the app secret"," */","","exports.getAppSecret = function () {","  return appSecret;","};","","/**"," * sets graph url"," */","","exports.setGraphUrl = function (url) {","  graphUrl = url;","  return this;","};","","/**"," * @returns the graphUrl"," */","","exports.getGraphUrl = function() {","  return graphUrl;","};",""],"l":{"5":1,"13":1,"14":0,"15":0,"18":0,"19":0,"20":0,"24":0,"32":1,"44":1,"57":1,"58":0,"59":0,"60":0,"63":0,"64":0,"65":0,"67":0,"68":0,"71":0,"72":0,"73":0,"75":0,"77":0,"86":1,"87":0,"89":0,"90":0,"93":0,"104":1,"105":0,"108":0,"109":0,"110":0,"113":0,"116":0,"117":0,"118":0,"122":0,"123":0,"124":0,"126":0,"127":0,"130":0,"138":1,"139":0,"142":0,"143":0,"146":0,"147":0,"154":0,"155":0,"157":0,"161":0,"168":0,"170":0,"178":1,"179":0,"181":0,"182":0,"183":0,"188":0,"191":0,"192":0,"198":0,"207":1,"209":0,"212":0,"214":0,"215":0,"216":0,"221":0,"224":0,"264":1,"265":0,"266":0,"267":0,"270":0,"271":0,"274":0,"275":0,"276":0,"279":0,"295":1,"296":0,"297":0,"300":0,"301":0,"302":0,"305":0,"318":1,"319":0,"320":0,"321":0,"324":0,"325":0,"326":0,"329":0,"340":1,"341":0,"342":0,"343":0,"356":1,"357":0,"358":0,"361":0,"362":0,"363":0,"366":0,"387":1,"388":0,"390":0,"392":0,"393":0,"394":0,"395":0,"397":0,"409":1,"410":0,"411":0,"426":1,"427":0,"429":0,"430":0,"432":0,"446":1,"447":0,"449":0,"450":0,"452":0,"453":0,"454":0,"457":0,"468":1,"469":0,"471":0,"478":1,"479":0,"487":1,"488":0,"489":0,"496":1,"497":0,"506":1,"508":0,"511":0,"512":0,"514":0,"523":1,"524":0,"525":0,"532":1,"533":0,"540":1,"541":0,"542":0,"549":1,"550":0}}}